<?xml version="1.0" encoding="UTF-8"?>
<testng-results skipped="0" failed="0" ignored="0" total="1" passed="1">
  <reporter-output>
  </reporter-output>
  <suite name="Default suite" duration-ms="31988" started-at="2020-06-18T00:48:58 IST" finished-at="2020-06-18T00:49:30 IST">
    <groups>
    </groups>
    <test name="Default test" duration-ms="31988" started-at="2020-06-18T00:48:58 IST" finished-at="2020-06-18T00:49:30 IST">
      <class name="Dashboard.Timesheets">
        <test-method status="PASS" signature="setUpchromeDriver()[pri:0, instance:Dashboard.Timesheets@3712b94]" name="setUpchromeDriver" is-config="true" duration-ms="7385" started-at="2020-06-18T00:48:58 IST" finished-at="2020-06-18T00:49:05 IST">
          <reporter-output>
          </reporter-output>
        </test-method> <!-- setUpchromeDriver -->
        <test-method status="PASS" signature="dashboard()[pri:0, instance:Dashboard.Timesheets@3712b94]" name="dashboard" duration-ms="13708" started-at="2020-06-18T00:49:05 IST" finished-at="2020-06-18T00:49:19 IST">
          <reporter-output>
          </reporter-output>
        </test-method> <!-- dashboard -->
        <test-method status="PASS" signature="closeBrowser()[pri:0, instance:Dashboard.Timesheets@3712b94]" name="closeBrowser" is-config="true" duration-ms="10837" started-at="2020-06-18T00:49:19 IST" finished-at="2020-06-18T00:49:30 IST">
          <reporter-output>
          </reporter-output>
        </test-method> <!-- closeBrowser -->
      </class> <!-- Dashboard.Timesheets -->
    </test> <!-- Default test -->
  </suite> <!-- Default suite -->
</testng-results>
